<?xml version="1.0" encoding="UTF-8"?>
<testng-results skipped="0" failed="0" ignored="0" total="1" passed="1">
  <reporter-output>
  </reporter-output>
  <suite name="Default suite" duration-ms="39408" started-at="2018-05-19T08:39:28Z" finished-at="2018-05-19T08:40:07Z">
    <groups>
    </groups>
    <test name="Default test" duration-ms="39408" started-at="2018-05-19T08:39:28Z" finished-at="2018-05-19T08:40:07Z">
      <class name="SeleniumGrid.Grid_Practice_19_May_2018">
        <test-method status="PASS" signature="grid()[pri:0, instance:SeleniumGrid.Grid_Practice_19_May_2018@66a3ffec]" name="grid" duration-ms="39386" started-at="2018-05-19T14:09:28Z" finished-at="2018-05-19T14:10:07Z">
          <reporter-output>
          </reporter-output>
        </test-method> <!-- grid -->
      </class> <!-- SeleniumGrid.Grid_Practice_19_May_2018 -->
    </test> <!-- Default test -->
  </suite> <!-- Default suite -->
</testng-results>
